{
  "stats": {
    "suites": 1,
    "tests": 1,
    "passes": 1,
    "pending": 0,
    "failures": 0,
    "start": "2023-09-19T15:20:06.397Z",
    "end": "2023-09-19T15:21:29.175Z",
    "duration": 82778,
    "testsRegistered": 1,
    "passPercent": 100,
    "pendingPercent": 0,
    "other": 0,
    "hasOther": false,
    "skipped": 0,
    "hasSkipped": false
  },
  "results": [
    {
      "uuid": "8397b918-598f-4c63-865a-985dbb9962da",
      "title": "",
      "fullFile": "cypress\\e2e\\AddToCartTest.cy.js",
      "file": "cypress\\e2e\\AddToCartTest.cy.js",
      "beforeHooks": [],
      "afterHooks": [],
      "tests": [],
      "suites": [
        {
          "uuid": "90bdfcd9-5d49-4bb2-92dc-88c8587ca44d",
          "title": "Add products to the cart",
          "fullFile": "",
          "file": "",
          "beforeHooks": [],
          "afterHooks": [],
          "tests": [
            {
              "title": "Add products to the cart",
              "fullTitle": "Add products to the cart Add products to the cart",
              "timedOut": null,
              "duration": 77682,
              "state": "passed",
              "speed": "slow",
              "pass": true,
              "fail": false,
              "pending": false,
              "context": null,
              "code": "//loginPage.userLogin(\"rawnak5738@gmail.com\", \"Aroni5588\")\naddToCart.mViewCart();",
              "err": {},
              "uuid": "fc6b6639-0c52-4d01-9574-c658d90b83d6",
              "parentUUID": "90bdfcd9-5d49-4bb2-92dc-88c8587ca44d",
              "isHook": false,
              "skipped": false
            }
          ],
          "suites": [],
          "passes": [
            "fc6b6639-0c52-4d01-9574-c658d90b83d6"
          ],
          "failures": [],
          "pending": [],
          "skipped": [],
          "duration": 77682,
          "root": false,
          "rootEmpty": false,
          "_timeout": 2000
        }
      ],
      "passes": [],
      "failures": [],
      "pending": [],
      "skipped": [],
      "duration": 0,
      "root": true,
      "rootEmpty": true,
      "_timeout": 2000
    }
  ],
  "meta": {
    "mocha": {
      "version": "7.0.1"
    },
    "mochawesome": {
      "options": {
        "quiet": false,
        "reportFilename": "mochawesome",
        "saveHtml": true,
        "saveJson": true,
        "consoleReporter": "spec",
        "useInlineDiffs": false,
        "code": true
      },
      "version": "7.1.3"
    },
    "marge": {
      "options": null,
      "version": "6.2.0"
    }
  }
}